<?xml version="1.0" encoding="UTF-8" standalone="no"?>
<testsuite failures="1" name="cucumber.runtime.formatter.JUnitFormatter" skipped="0" tests="5" time="0">
<testcase classname="Facebook application testing" name="Create a Deal" time="0">
<system-out><![CDATA[Given This is a deal test case..............................................skipped
]]></system-out>
</testcase>
<testcase classname="Free CRM application testing" name="validate a report" time="0">
<system-out><![CDATA[Given This is a report test.................................................skipped
]]></system-out>
</testcase>
<testcase classname="Free CRM application testing" name="Validate the Incorrect Report" time="0">
<failure message="The scenario has pending or undefined step(s)"><![CDATA[Given This report is Incorrect..............................................undefined
]]></failure>
</testcase>
<testcase classname="Free CRM application testing" name="Application Logout" time="0">
<system-out><![CDATA[Given This is a logout test.................................................skipped
]]></system-out>
</testcase>
<testcase classname="Free CRM application testing" name="browser closed" time="0">
<system-out><![CDATA[Given This is a close broswer test..........................................skipped
]]></system-out>
</testcase>
</testsuite>
